0 info it worked if it ends with ok
1 verbose cli [ 'node', '/usr/local/bin/npm', 'publish' ]
2 info using npm@1.4.3
3 info using node@v0.10.26
4 verbose publish [ '.' ]
5 verbose cache add [ '.', null ]
6 verbose cache add name=undefined spec="." args=[".",null]
7 verbose parsed url { protocol: null,
7 verbose parsed url   slashes: null,
7 verbose parsed url   auth: null,
7 verbose parsed url   host: null,
7 verbose parsed url   port: null,
7 verbose parsed url   hostname: null,
7 verbose parsed url   hash: null,
7 verbose parsed url   search: null,
7 verbose parsed url   query: null,
7 verbose parsed url   pathname: '.',
7 verbose parsed url   path: '.',
7 verbose parsed url   href: '.' }
8 silly lockFile 3a52ce78- .
9 verbose lock . /Users/Austin/.npm/3a52ce78-.lock
10 verbose tar pack [ '/var/folders/9y/yg22xcpx1_v5pkd43qhm7tcr0000gn/T/npm-36532-MijLjIlc/1416378840412-0.7501748730428517/tmp.tgz',
10 verbose tar pack   '.' ]
11 verbose tarball /var/folders/9y/yg22xcpx1_v5pkd43qhm7tcr0000gn/T/npm-36532-MijLjIlc/1416378840412-0.7501748730428517/tmp.tgz
12 verbose folder .
13 info prepublish remjs@0.1.0
14 silly lockFile 1f1177db-tar tar://.
15 verbose lock tar://. /Users/Austin/.npm/1f1177db-tar.lock
16 silly lockFile f86356a1-40412-0-7501748730428517-tmp-tgz tar:///var/folders/9y/yg22xcpx1_v5pkd43qhm7tcr0000gn/T/npm-36532-MijLjIlc/1416378840412-0.7501748730428517/tmp.tgz
17 verbose lock tar:///var/folders/9y/yg22xcpx1_v5pkd43qhm7tcr0000gn/T/npm-36532-MijLjIlc/1416378840412-0.7501748730428517/tmp.tgz /Users/Austin/.npm/f86356a1-40412-0-7501748730428517-tmp-tgz.lock
18 silly lockFile 1f1177db-tar tar://.
19 silly lockFile 1f1177db-tar tar://.
20 silly lockFile f86356a1-40412-0-7501748730428517-tmp-tgz tar:///var/folders/9y/yg22xcpx1_v5pkd43qhm7tcr0000gn/T/npm-36532-MijLjIlc/1416378840412-0.7501748730428517/tmp.tgz
21 silly lockFile f86356a1-40412-0-7501748730428517-tmp-tgz tar:///var/folders/9y/yg22xcpx1_v5pkd43qhm7tcr0000gn/T/npm-36532-MijLjIlc/1416378840412-0.7501748730428517/tmp.tgz
22 verbose tar unpack /var/folders/9y/yg22xcpx1_v5pkd43qhm7tcr0000gn/T/npm-36532-MijLjIlc/1416378840412-0.7501748730428517/tmp.tgz
23 silly lockFile aa8f9f4a-40412-0-7501748730428517-package tar:///var/folders/9y/yg22xcpx1_v5pkd43qhm7tcr0000gn/T/npm-36532-MijLjIlc/1416378840412-0.7501748730428517/package
24 verbose lock tar:///var/folders/9y/yg22xcpx1_v5pkd43qhm7tcr0000gn/T/npm-36532-MijLjIlc/1416378840412-0.7501748730428517/package /Users/Austin/.npm/aa8f9f4a-40412-0-7501748730428517-package.lock
25 silly lockFile f86356a1-40412-0-7501748730428517-tmp-tgz tar:///var/folders/9y/yg22xcpx1_v5pkd43qhm7tcr0000gn/T/npm-36532-MijLjIlc/1416378840412-0.7501748730428517/tmp.tgz
26 verbose lock tar:///var/folders/9y/yg22xcpx1_v5pkd43qhm7tcr0000gn/T/npm-36532-MijLjIlc/1416378840412-0.7501748730428517/tmp.tgz /Users/Austin/.npm/f86356a1-40412-0-7501748730428517-tmp-tgz.lock
27 silly gunzTarPerm modes [ '755', '644' ]
28 silly gunzTarPerm extractEntry package.json
29 silly gunzTarPerm modified mode [ 'package.json', 436, 420 ]
30 silly gunzTarPerm extractEntry .npmignore
31 silly gunzTarPerm modified mode [ '.npmignore', 436, 420 ]
32 silly gunzTarPerm extractEntry README.md
33 silly gunzTarPerm modified mode [ 'README.md', 436, 420 ]
34 silly gunzTarPerm extractEntry LICENSE
35 silly gunzTarPerm modified mode [ 'LICENSE', 436, 420 ]
36 silly gunzTarPerm extractEntry index.js
37 silly gunzTarPerm modified mode [ 'index.js', 436, 420 ]
38 silly gunzTarPerm extractEntry lib/rem.js
39 silly gunzTarPerm extractEntry test/basic.test.js
40 silly gunzTarPerm modified mode [ 'test/basic.test.js', 436, 420 ]
41 silly gunzTarPerm extractEntry test/test_scaffold.js
42 silly gunzTarPerm modified mode [ 'test/test_scaffold.js', 436, 420 ]
43 silly lockFile aa8f9f4a-40412-0-7501748730428517-package tar:///var/folders/9y/yg22xcpx1_v5pkd43qhm7tcr0000gn/T/npm-36532-MijLjIlc/1416378840412-0.7501748730428517/package
44 silly lockFile aa8f9f4a-40412-0-7501748730428517-package tar:///var/folders/9y/yg22xcpx1_v5pkd43qhm7tcr0000gn/T/npm-36532-MijLjIlc/1416378840412-0.7501748730428517/package
45 silly lockFile f86356a1-40412-0-7501748730428517-tmp-tgz tar:///var/folders/9y/yg22xcpx1_v5pkd43qhm7tcr0000gn/T/npm-36532-MijLjIlc/1416378840412-0.7501748730428517/tmp.tgz
46 silly lockFile f86356a1-40412-0-7501748730428517-tmp-tgz tar:///var/folders/9y/yg22xcpx1_v5pkd43qhm7tcr0000gn/T/npm-36532-MijLjIlc/1416378840412-0.7501748730428517/tmp.tgz
47 verbose tar pack [ '/Users/Austin/.npm/remjs/0.1.0/package.tgz',
47 verbose tar pack   '/var/folders/9y/yg22xcpx1_v5pkd43qhm7tcr0000gn/T/npm-36532-MijLjIlc/1416378840412-0.7501748730428517/package' ]
48 verbose tarball /Users/Austin/.npm/remjs/0.1.0/package.tgz
49 verbose folder /var/folders/9y/yg22xcpx1_v5pkd43qhm7tcr0000gn/T/npm-36532-MijLjIlc/1416378840412-0.7501748730428517/package
50 silly lockFile aa8f9f4a-40412-0-7501748730428517-package tar:///var/folders/9y/yg22xcpx1_v5pkd43qhm7tcr0000gn/T/npm-36532-MijLjIlc/1416378840412-0.7501748730428517/package
51 verbose lock tar:///var/folders/9y/yg22xcpx1_v5pkd43qhm7tcr0000gn/T/npm-36532-MijLjIlc/1416378840412-0.7501748730428517/package /Users/Austin/.npm/aa8f9f4a-40412-0-7501748730428517-package.lock
52 silly lockFile 3cf79acf-stin-npm-remjs-0-1-0-package-tgz tar:///Users/Austin/.npm/remjs/0.1.0/package.tgz
53 verbose lock tar:///Users/Austin/.npm/remjs/0.1.0/package.tgz /Users/Austin/.npm/3cf79acf-stin-npm-remjs-0-1-0-package-tgz.lock
54 silly lockFile aa8f9f4a-40412-0-7501748730428517-package tar:///var/folders/9y/yg22xcpx1_v5pkd43qhm7tcr0000gn/T/npm-36532-MijLjIlc/1416378840412-0.7501748730428517/package
55 silly lockFile aa8f9f4a-40412-0-7501748730428517-package tar:///var/folders/9y/yg22xcpx1_v5pkd43qhm7tcr0000gn/T/npm-36532-MijLjIlc/1416378840412-0.7501748730428517/package
56 silly lockFile 3cf79acf-stin-npm-remjs-0-1-0-package-tgz tar:///Users/Austin/.npm/remjs/0.1.0/package.tgz
57 silly lockFile 3cf79acf-stin-npm-remjs-0-1-0-package-tgz tar:///Users/Austin/.npm/remjs/0.1.0/package.tgz
58 silly lockFile 9a6760c8-s-Austin-npm-remjs-0-1-0-package /Users/Austin/.npm/remjs/0.1.0/package
59 verbose lock /Users/Austin/.npm/remjs/0.1.0/package /Users/Austin/.npm/9a6760c8-s-Austin-npm-remjs-0-1-0-package.lock
60 silly lockFile 9a6760c8-s-Austin-npm-remjs-0-1-0-package /Users/Austin/.npm/remjs/0.1.0/package
61 silly lockFile 9a6760c8-s-Austin-npm-remjs-0-1-0-package /Users/Austin/.npm/remjs/0.1.0/package
62 verbose tar unpack /Users/Austin/.npm/remjs/0.1.0/package.tgz
63 silly lockFile 49d40f74-s-Austin-npm-remjs-0-1-0-package tar:///Users/Austin/.npm/remjs/0.1.0/package
64 verbose lock tar:///Users/Austin/.npm/remjs/0.1.0/package /Users/Austin/.npm/49d40f74-s-Austin-npm-remjs-0-1-0-package.lock
65 silly lockFile 3cf79acf-stin-npm-remjs-0-1-0-package-tgz tar:///Users/Austin/.npm/remjs/0.1.0/package.tgz
66 verbose lock tar:///Users/Austin/.npm/remjs/0.1.0/package.tgz /Users/Austin/.npm/3cf79acf-stin-npm-remjs-0-1-0-package-tgz.lock
67 silly gunzTarPerm modes [ '755', '644' ]
68 silly gunzTarPerm extractEntry package.json
69 silly gunzTarPerm extractEntry .npmignore
70 silly gunzTarPerm extractEntry README.md
71 silly gunzTarPerm extractEntry LICENSE
72 silly gunzTarPerm extractEntry index.js
73 silly gunzTarPerm extractEntry lib/rem.js
74 silly gunzTarPerm extractEntry test/basic.test.js
75 silly gunzTarPerm extractEntry test/test_scaffold.js
76 silly lockFile 49d40f74-s-Austin-npm-remjs-0-1-0-package tar:///Users/Austin/.npm/remjs/0.1.0/package
77 silly lockFile 49d40f74-s-Austin-npm-remjs-0-1-0-package tar:///Users/Austin/.npm/remjs/0.1.0/package
78 silly lockFile 3cf79acf-stin-npm-remjs-0-1-0-package-tgz tar:///Users/Austin/.npm/remjs/0.1.0/package.tgz
79 silly lockFile 3cf79acf-stin-npm-remjs-0-1-0-package-tgz tar:///Users/Austin/.npm/remjs/0.1.0/package.tgz
80 verbose chmod /Users/Austin/.npm/remjs/0.1.0/package.tgz 644
81 verbose chown /Users/Austin/.npm/remjs/0.1.0/package.tgz [ 501, 20 ]
82 silly lockFile 3a52ce78- .
83 silly lockFile 3a52ce78- .
84 silly publish { name: 'remjs',
84 silly publish   version: '0.1.0',
84 silly publish   author: { name: 'Austin McGee', email: 'austin@remjs.org' },
84 silly publish   contributors: [ { name: 'Austin McGee' } ],
84 silly publish   description: 'Rapid Eye Movement (REM) : A dead-simple, full-featured REST API database wrapper.  Now go back to sleep, you were having a good dream.',
84 silly publish   keywords: [ 'rest', 'api', 'database' ],
84 silly publish   homepage: 'http://www.remjs.org',
84 silly publish   repository: { type: 'git', url: 'https://github.com/amcgee/remjs.git' },
84 silly publish   dependencies: { lodash: '^2.4.1', express: '^4.10.2', 'body-parser': '^1.9.2' },
84 silly publish   devDependencies:
84 silly publish    { mocha: '^2.0.1',
84 silly publish      'expect.js': '^0.3.1',
84 silly publish      superagent: '^0.21.0',
84 silly publish      nedb: '^0.11.1' },
84 silly publish   scripts: { test: 'mocha' },
84 silly publish   main: 'index',
84 silly publish   licence: 'MIT',
84 silly publish   readme: '# REMJS',
84 silly publish   readmeFilename: 'README.md',
84 silly publish   bugs: { url: 'https://github.com/amcgee/remjs/issues' },
84 silly publish   _id: 'remjs@0.1.0',
84 silly publish   dist: { shasum: 'c986dc83da6430adf913a143b3762f879412ab2e' },
84 silly publish   _from: '.' }
85 verbose url raw remjs
86 verbose url resolving [ 'https://registry.npmjs.org/', './remjs' ]
87 verbose url resolved https://registry.npmjs.org/remjs
88 info trying registry request attempt 1 at 22:34:00
89 http PUT https://registry.npmjs.org/remjs
90 http 403 https://registry.npmjs.org/remjs
91 error publish Failed PUT 403
92 error Error: forbidden cannot modify pre-existing version: 0.1.0
92 error old={"name":"remjs","version":"0.1.0","author":{"name":"Austin McGee","email":"austin@remjs.org"},"contributors":[{"name":"Austin McGee"}],"description":"Rapid Eye Movement (REM) : A dead-simple, full-featured REST API database wrapper.  Now go back to sleep, you were having a good dream.","keywords":["rest","api","database"],"homepage":"http://www.remjs.org","repository":{"type":"git","url":"git@github.com:amcgee/remjs.git"},"dependencies":{"lodash":"^2.4.1","express":"^4.10.2","body-parser":"^1.9.2"},"devDependencies":{"mocha":"^2.0.1","expect.js":"^0.3.1","superagent":"^0.21.0","nedb":"^0.11.1"},"scripts":{"test":"mocha"},"main":"index","licence":"MIT","bugs":{"url":"https://github.com/amcgee/remjs/issues"},"_id":"remjs@0.1.0","dist":{"shasum":"6b041d78c918edfcf4b0eeb9d44b04e41e2235b2","tarball":"http://registry.npmjs.org/remjs/-/remjs-0.1.0.tgz"},"_from":".","_npmVersion":"1.4.3","_npmUser":{"name":"amcgee","email":"austin@remjs.org"},"maintainers":[{"name":"amcgee","email":"austin@remjs.org"}]}
92 error new={"name":"remjs","version":"0.1.0","author":{"name":"Austin McGee","email":"austin@remjs.org"},"contributors":[{"name":"Austin McGee"}],"description":"Rapid Eye Movement (REM) : A dead-simple, full-featured REST API database wrapper.  Now go back to sleep, you were having a good dream.","keywords":["rest","api","database"],"homepage":"http://www.remjs.org","repository":{"type":"git","url":"https://github.com/amcgee/remjs.git"},"dependencies":{"lodash":"^2.4.1","express":"^4.10.2","body-parser":"^1.9.2"},"devDependencies":{"mocha":"^2.0.1","expect.js":"^0.3.1","superagent":"^0.21.0","nedb":"^0.11.1"},"scripts":{"test":"mocha"},"main":"index","licence":"MIT","readme":"# REMJS","readmeFilename":"README.md","bugs":{"url":"https://github.com/amcgee/remjs/issues"},"_id":"remjs@0.1.0","dist":{"shasum":"c986dc83da6430adf913a143b3762f879412ab2e","tarball":"http://registry.npmjs.org/remjs/-/remjs-0.1.0.tgz"},"_from":".","_npmVersion":"1.4.3","_npmUser":{"name":"amcgee","email":"austin@remjs.org"},"maintainers":[{"name":"amcgee","email":"austin@remjs.org"}]}: remjs
92 error     at RegClient.<anonymous> (/usr/local/lib/node_modules/npm/node_modules/npm-registry-client/lib/request.js:237:14)
92 error     at Request.self.callback (/usr/local/lib/node_modules/npm/node_modules/request/request.js:123:22)
92 error     at Request.EventEmitter.emit (events.js:98:17)
92 error     at Request.<anonymous> (/usr/local/lib/node_modules/npm/node_modules/request/request.js:893:14)
92 error     at Request.EventEmitter.emit (events.js:117:20)
92 error     at IncomingMessage.<anonymous> (/usr/local/lib/node_modules/npm/node_modules/request/request.js:844:12)
92 error     at IncomingMessage.EventEmitter.emit (events.js:117:20)
92 error     at _stream_readable.js:920:16
92 error     at process._tickCallback (node.js:415:13)
93 error If you need help, you may report this *entire* log,
93 error including the npm and node versions, at:
93 error     <http://github.com/npm/npm/issues>
94 error System Darwin 14.0.0
95 error command "node" "/usr/local/bin/npm" "publish"
96 error cwd /Users/Austin/Development/remjs
97 error node -v v0.10.26
98 error npm -v 1.4.3
99 verbose exit [ 1, true ]
